2026-03-15 03:44:31 Loaded main app package /usr/lib/obsidian/obsidian.asar
2026-03-15 03:44:32 Checking for update using Github
2026-03-15 03:44:32 Success.
2026-03-15 03:44:32 Latest version is 1.12.4
2026-03-15 03:44:32 App is up to date.
2026-03-15 03:50:57 Loaded main app package /usr/lib/obsidian/obsidian.asar
2026-03-15 03:50:57 Checking for update using Github
2026-03-15 03:50:58 Success.
2026-03-15 03:50:58 Latest version is 1.12.4
2026-03-15 03:50:58 App is up to date.
2026-03-15 04:52:41 Loaded main app package /usr/lib/obsidian/obsidian.asar
2026-03-15 04:52:41 Checking for update using Github
2026-03-15 04:52:42 Success.
2026-03-15 04:52:42 Latest version is 1.12.4
2026-03-15 04:52:42 App is up to date.
2026-03-15 12:44:06 Loaded main app package /usr/lib/obsidian/obsidian.asar
2026-03-15 12:44:06 Checking for update using Github
2026-03-15 12:44:06 Success.
2026-03-15 12:44:06 Latest version is 1.12.4
2026-03-15 12:44:06 App is up to date.
2026-03-15 13:44:06 Checking for update using Github
2026-03-15 13:44:06 Success.
2026-03-15 13:44:06 Latest version is 1.12.4
2026-03-15 13:44:06 App is up to date.
2026-03-15 14:44:06 Checking for update using Github
2026-03-15 14:44:06 Success.
2026-03-15 14:44:06 Latest version is 1.12.4
2026-03-15 14:44:06 App is up to date.
2026-03-15 15:44:06 Checking for update using Github
2026-03-15 15:44:06 Success.
2026-03-15 15:44:06 Latest version is 1.12.4
2026-03-15 15:44:06 App is up to date.
2026-03-15 17:05:06 Loaded main app package /usr/lib/obsidian/obsidian.asar
2026-03-15 17:05:06 Checking for update using Github
2026-03-15 17:05:07 Success.
2026-03-15 17:05:07 Latest version is 1.12.4
2026-03-15 17:05:07 App is up to date.
2026-03-15 18:05:06 Checking for update using Github
2026-03-15 18:05:07 Success.
2026-03-15 18:05:07 Latest version is 1.12.4
2026-03-15 18:05:07 App is up to date.
2026-03-15 19:05:06 Checking for update using Github
2026-03-15 19:05:07 Success.
2026-03-15 19:05:07 Latest version is 1.12.4
2026-03-15 19:05:07 App is up to date.
2026-03-15 20:05:06 Checking for update using Github
2026-03-15 20:05:07 Success.
2026-03-15 20:05:07 Latest version is 1.12.4
2026-03-15 20:05:07 App is up to date.
2026-03-15 21:05:06 Checking for update using Github
2026-03-15 21:05:07 Success.
2026-03-15 21:05:07 Latest version is 1.12.4
2026-03-15 21:05:07 App is up to date.
2026-03-15 22:05:06 Checking for update using Github
2026-03-15 22:05:07 Success.
2026-03-15 22:05:07 Latest version is 1.12.4
2026-03-15 22:05:07 App is up to date.
2026-03-15 23:34:20 Loaded main app package /usr/lib/obsidian/obsidian.asar
2026-03-15 23:34:20 Checking for update using Github
2026-03-15 23:34:20 Success.
2026-03-15 23:34:20 Latest version is 1.12.4
2026-03-15 23:34:20 App is up to date.
2026-03-15 23:34:24 Loaded main app package /usr/lib/obsidian/obsidian.asar
2026-03-15 23:34:25 Checking for update using Github
2026-03-15 23:34:25 Success.
2026-03-15 23:34:25 Latest version is 1.12.4
2026-03-15 23:34:25 App is up to date.
2026-03-16 00:18:57 Loaded main app package /usr/lib/obsidian/obsidian.asar
2026-03-16 00:18:57 Checking for update using Github
2026-03-16 00:18:58 Success.
2026-03-16 00:18:58 Latest version is 1.12.4
2026-03-16 00:18:58 App is up to date.
2026-03-16 01:18:57 Checking for update using Github
2026-03-16 01:18:58 Success.
2026-03-16 01:18:58 Latest version is 1.12.4
2026-03-16 01:18:58 App is up to date.
2026-03-16 01:51:46 Loaded main app package /usr/lib/obsidian/obsidian.asar
2026-03-16 01:51:46 Checking for update using Github
2026-03-16 01:51:46 Success.
2026-03-16 01:51:46 Latest version is 1.12.4
2026-03-16 01:51:46 App is up to date.
2026-03-16 02:51:46 Checking for update using Github
2026-03-16 02:51:46 Success.
2026-03-16 02:51:46 Latest version is 1.12.4
2026-03-16 02:51:46 App is up to date.
2026-03-16 14:35:07 Loaded main app package /usr/lib/obsidian/obsidian.asar
2026-03-16 14:35:07 Checking for update using Github
2026-03-16 14:35:08 Success.
2026-03-16 14:35:08 Latest version is 1.12.4
2026-03-16 14:35:08 App is up to date.
2026-03-16 15:35:07 Checking for update using Github
2026-03-16 15:35:07 Success.
2026-03-16 15:35:07 Latest version is 1.12.4
2026-03-16 15:35:07 App is up to date.
2026-03-16 16:35:07 Checking for update using Github
2026-03-16 16:35:07 Success.
2026-03-16 16:35:07 Latest version is 1.12.4
2026-03-16 16:35:07 App is up to date.
2026-03-16 17:35:07 Checking for update using Github
2026-03-16 17:35:08 Success.
2026-03-16 17:35:08 Latest version is 1.12.4
2026-03-16 17:35:08 App is up to date.
2026-03-16 17:38:51 Loaded main app package /usr/lib/obsidian/obsidian.asar
2026-03-16 18:35:07 Checking for update using Github
2026-03-16 18:35:07 Success.
2026-03-16 18:35:07 Latest version is 1.12.4
2026-03-16 18:35:07 App is up to date.
2026-03-16 20:23:45 Checking for update using Github
2026-03-16 20:23:46 Success.
2026-03-16 20:23:46 Latest version is 1.12.4
2026-03-16 20:23:46 App is up to date.
2026-03-16 21:23:46 Checking for update using Github
2026-03-16 21:23:46 Success.
2026-03-16 21:23:46 Latest version is 1.12.4
2026-03-16 21:23:46 App is up to date.
2026-03-16 22:48:52 Checking for update using Github
2026-03-16 22:48:52 Success.
2026-03-16 22:48:52 Latest version is 1.12.4
2026-03-16 22:48:52 App is up to date.
2026-03-17 00:21:29 Checking for update using Github
2026-03-17 00:21:29 Success.
2026-03-17 00:21:29 Latest version is 1.12.4
2026-03-17 00:21:29 App is up to date.
2026-03-17 01:21:29 Checking for update using Github
2026-03-17 01:21:29 Success.
2026-03-17 01:21:29 Latest version is 1.12.4
2026-03-17 01:21:29 App is up to date.
2026-03-17 02:27:54 Checking for update using Github
2026-03-17 02:27:54 Success.
2026-03-17 02:27:54 Latest version is 1.12.4
2026-03-17 02:27:54 App is up to date.
2026-03-17 03:27:55 Checking for update using Github
2026-03-17 03:27:55 Success.
2026-03-17 03:27:55 Latest version is 1.12.4
2026-03-17 03:27:55 App is up to date.
2026-03-19 17:45:57 Loaded main app package /usr/lib/obsidian/obsidian.asar
2026-03-19 17:45:57 Checking for update using Github
2026-03-19 17:45:57 Success.
2026-03-19 17:45:57 Latest version is 1.12.4
2026-03-19 17:45:57 App is up to date.
2026-03-19 18:45:57 Checking for update using Github
2026-03-19 18:45:57 Success.
2026-03-19 18:45:57 Latest version is 1.12.4
2026-03-19 18:45:57 App is up to date.
2026-03-19 19:45:57 Checking for update using Github
2026-03-19 19:45:57 Success.
2026-03-19 19:45:57 Latest version is 1.12.4
2026-03-19 19:45:57 App is up to date.
2026-03-19 20:45:57 Checking for update using Github
2026-03-19 20:45:57 Success.
2026-03-19 20:45:57 Latest version is 1.12.4
2026-03-19 20:45:57 App is up to date.
2026-03-19 21:45:57 Checking for update using Github
2026-03-19 21:45:57 Success.
2026-03-19 21:45:57 Latest version is 1.12.4
2026-03-19 21:45:57 App is up to date.
