3/19/2026, 1:57:55 AM UTC 0: 

----------------------------------------------
3/19/2026, 1:57:55 AM UTC 1: Discord starting: {"releaseChannel":"stable","version":"0.0.129"}, modulepath: /home/leandros/.config/discord/0.0.129/modules
3/19/2026, 1:57:55 AM UTC 2: ✅ webContents.created web1 ""
3/19/2026, 1:57:55 AM UTC 3: ✅ window.created win1 "discord"
3/19/2026, 1:57:55 AM UTC 4: ✅ webContents.did-finish-load web1
3/19/2026, 1:58:19 AM UTC 5: ✅ webContents.created web2 ""
3/19/2026, 1:58:19 AM UTC 6: ✅ window.created win2 "Discord"
3/19/2026, 1:58:20 AM UTC 7: ✅ webContents.did-finish-load web2
3/19/2026, 1:58:21 AM UTC 8: window.close win1
3/19/2026, 1:58:21 AM UTC 9: webContents.destroyed web1
3/19/2026, 1:58:21 AM UTC 10: window.closed win1
3/19/2026, 2:18:33 AM UTC 11: window.close win2
3/19/2026, 4:35:51 PM UTC 0: 

----------------------------------------------
3/19/2026, 4:35:51 PM UTC 1: Discord starting: {"releaseChannel":"stable","version":"0.0.129"}, modulepath: /home/leandros/.config/discord/0.0.129/modules
3/19/2026, 4:35:51 PM UTC 2: ✅ webContents.created web1 ""
3/19/2026, 4:35:51 PM UTC 3: ✅ window.created win1 "discord"
3/19/2026, 4:35:51 PM UTC 4: ✅ webContents.did-finish-load web1
3/19/2026, 4:35:51 PM UTC 5: ✅ webContents.created web2 ""
3/19/2026, 4:35:51 PM UTC 6: ✅ window.created win2 "Discord"
3/19/2026, 4:35:52 PM UTC 7: ✅ webContents.did-finish-load web2
3/19/2026, 4:35:54 PM UTC 8: window.close win1
3/19/2026, 4:35:54 PM UTC 9: webContents.destroyed web1
3/19/2026, 4:35:54 PM UTC 10: window.closed win1
