2026-03-17 14:50:43.503 [info] [main] Log level: Info
2026-03-17 14:50:43.503 [info] [main] Validating found git in: "git"
2026-03-17 14:50:43.503 [info] [main] Using git "2.53.0" from "git"
2026-03-17 14:50:43.503 [info] [Model][doInitialScan] Initial repository scan started
2026-03-17 14:50:43.503 [info] [Model][doInitialScan] Initial repository scan completed - repositories (0), closed repositories (0), parent repositories (0), unsafe repositories (0)
2026-03-17 14:51:01.445 [info] > git rev-parse --show-toplevel [2ms]
2026-03-17 14:51:01.452 [info] > git rev-parse --git-dir --git-common-dir --show-superproject-working-tree [3ms]
2026-03-17 14:51:01.657 [info] [Model][openRepository] Opened repository (path): /home/leandros/mygithub/FallenGodfather
2026-03-17 14:51:01.657 [info] [Model][openRepository] Opened repository (real path): /home/leandros/mygithub/FallenGodfather
2026-03-17 14:51:01.657 [info] [Model][openRepository] Opened repository (kind): repository
2026-03-17 14:51:01.685 [info] > git config --get commit.template [5ms]
2026-03-17 14:51:01.690 [info] > git for-each-ref --format=%(refname)%00%(upstream:short)%00%(objectname)%00%(upstream:track)%00%(upstream:remotename)%00%(upstream:remoteref) refs/heads/main refs/remotes/main [2ms]
2026-03-17 14:51:01.701 [info] > git status -z -uall [7ms]
2026-03-17 14:51:01.702 [info] > git for-each-ref --sort -committerdate --format %(refname)%00%(objectname)%00%(*objectname) [3ms]
2026-03-17 14:51:01.740 [info] > git for-each-ref --format=%(refname)%00%(upstream:short)%00%(objectname)%00%(upstream:track)%00%(upstream:remotename)%00%(upstream:remoteref) refs/heads/main refs/remotes/main [10ms]
2026-03-17 14:51:01.748 [info] > git config --get --local branch.main.vscode-merge-base [1ms]
2026-03-17 14:51:01.748 [warning] [Git][config] git config failed: Failed to execute git
2026-03-17 14:51:01.753 [info] > git config --get commit.template [14ms]
2026-03-17 14:51:01.761 [info] > git reflog main --grep-reflog=branch: Created from *. [8ms]
2026-03-17 14:51:01.772 [info] > git symbolic-ref --short refs/remotes/origin/HEAD [6ms]
2026-03-17 14:51:01.776 [info] > git for-each-ref --format=%(refname)%00%(upstream:short)%00%(objectname)%00%(upstream:track)%00%(upstream:remotename)%00%(upstream:remoteref) refs/heads/main refs/remotes/main [5ms]
2026-03-17 14:51:01.787 [info] > git status -z -uall [5ms]
2026-03-17 14:51:01.787 [info] > git for-each-ref --format=%(refname)%00%(upstream:short)%00%(objectname)%00%(upstream:track)%00%(upstream:remotename)%00%(upstream:remoteref) refs/heads/origin/main refs/remotes/origin/main [11ms]
2026-03-17 14:51:01.791 [info] > git for-each-ref --sort -committerdate --format %(refname)%00%(objectname)%00%(*objectname) [5ms]
2026-03-17 14:51:01.799 [info] > git config --add --local branch.main.vscode-merge-base origin/main [9ms]
2026-03-17 14:51:01.808 [info] > git config --get commit.template [4ms]
2026-03-17 14:51:01.808 [info] > git for-each-ref --format=%(refname)%00%(upstream:short)%00%(objectname)%00%(upstream:track)%00%(upstream:remotename)%00%(upstream:remoteref) refs/heads/main refs/remotes/main [1ms]
2026-03-17 14:51:01.815 [info] > git status -z -uall [4ms]
2026-03-17 14:51:01.816 [info] > git for-each-ref --sort -committerdate --format %(refname)%00%(objectname)%00%(*objectname) [1ms]
2026-03-17 14:51:01.825 [info] > git merge-base refs/heads/main refs/remotes/origin/main [3ms]
2026-03-17 14:51:01.829 [info] > git merge-base refs/heads/main refs/remotes/origin/main [4ms]
2026-03-17 14:51:01.838 [info] > git diff --raw --numstat --diff-filter=ADMR -z --find-renames=50% 263940431a57cb4357ea4453918e0fdc2bf56c5f...refs/remotes/origin/main -- [2ms]
2026-03-17 14:51:01.839 [info] > git diff --raw --numstat --diff-filter=ADMR -z --find-renames=50% 263940431a57cb4357ea4453918e0fdc2bf56c5f...refs/remotes/origin/main -- [10ms]
2026-03-17 14:51:02.450 [info] > git check-ignore -v -z --stdin [1ms]
2026-03-17 14:51:03.096 [info] > git config --get commit.template [10ms]
2026-03-17 14:51:03.097 [info] > git for-each-ref --format=%(refname)%00%(upstream:short)%00%(objectname)%00%(upstream:track)%00%(upstream:remotename)%00%(upstream:remoteref) refs/heads/main refs/remotes/main [3ms]
2026-03-17 14:51:03.115 [info] > git status -z -uall [10ms]
2026-03-17 14:51:03.117 [info] > git for-each-ref --sort -committerdate --format %(refname)%00%(objectname)%00%(*objectname) [4ms]
2026-03-17 14:53:28.290 [info] > git config --get commit.template [7ms]
2026-03-17 14:53:28.291 [info] > git for-each-ref --format=%(refname)%00%(upstream:short)%00%(objectname)%00%(upstream:track)%00%(upstream:remotename)%00%(upstream:remoteref) refs/heads/main refs/remotes/main [2ms]
2026-03-17 14:53:28.303 [info] > git status -z -uall [6ms]
2026-03-17 14:53:28.304 [info] > git for-each-ref --sort -committerdate --format %(refname)%00%(objectname)%00%(*objectname) [2ms]
2026-03-17 14:53:33.336 [info] > git config --get commit.template [14ms]
2026-03-17 14:53:33.338 [info] > git for-each-ref --format=%(refname)%00%(upstream:short)%00%(objectname)%00%(upstream:track)%00%(upstream:remotename)%00%(upstream:remoteref) refs/heads/main refs/remotes/main [4ms]
2026-03-17 14:53:33.364 [info] > git status -z -uall [14ms]
2026-03-17 14:53:33.368 [info] > git for-each-ref --sort -committerdate --format %(refname)%00%(objectname)%00%(*objectname) [6ms]
2026-03-17 14:57:42.766 [info] > git config --get commit.template [7ms]
2026-03-17 14:57:42.767 [info] > git for-each-ref --format=%(refname)%00%(upstream:short)%00%(objectname)%00%(upstream:track)%00%(upstream:remotename)%00%(upstream:remoteref) refs/heads/main refs/remotes/main [2ms]
2026-03-17 14:57:42.777 [info] > git status -z -uall [5ms]
2026-03-17 14:57:42.779 [info] > git for-each-ref --sort -committerdate --format %(refname)%00%(objectname)%00%(*objectname) [3ms]
2026-03-17 14:58:18.232 [info] > git config --get commit.template [12ms]
2026-03-17 14:58:18.233 [info] > git for-each-ref --format=%(refname)%00%(upstream:short)%00%(objectname)%00%(upstream:track)%00%(upstream:remotename)%00%(upstream:remoteref) refs/heads/main refs/remotes/main [4ms]
2026-03-17 14:58:18.256 [info] > git status -z -uall [12ms]
2026-03-17 14:58:18.258 [info] > git for-each-ref --sort -committerdate --format %(refname)%00%(objectname)%00%(*objectname) [4ms]
2026-03-17 14:59:13.726 [info] > git config --get commit.template [7ms]
2026-03-17 14:59:13.727 [info] > git for-each-ref --format=%(refname)%00%(upstream:short)%00%(objectname)%00%(upstream:track)%00%(upstream:remotename)%00%(upstream:remoteref) refs/heads/main refs/remotes/main [2ms]
2026-03-17 14:59:13.737 [info] > git status -z -uall [5ms]
2026-03-17 14:59:13.738 [info] > git for-each-ref --sort -committerdate --format %(refname)%00%(objectname)%00%(*objectname) [2ms]
2026-03-17 14:59:13.752 [info] > git merge-base refs/heads/main refs/remotes/origin/main [3ms]
2026-03-17 14:59:13.757 [info] > git diff --raw --numstat --diff-filter=ADMR -z --find-renames=50% 6b1538e7e22deebf655405f83fd08f4c29352885...refs/remotes/origin/main -- [1ms]
2026-03-17 14:59:18.778 [info] > git config --get commit.template [13ms]
2026-03-17 14:59:18.780 [info] > git for-each-ref --format=%(refname)%00%(upstream:short)%00%(objectname)%00%(upstream:track)%00%(upstream:remotename)%00%(upstream:remoteref) refs/heads/main refs/remotes/main [4ms]
2026-03-17 14:59:18.811 [info] > git status -z -uall [12ms]
2026-03-17 14:59:18.815 [info] > git for-each-ref --sort -committerdate --format %(refname)%00%(objectname)%00%(*objectname) [5ms]
2026-03-17 15:01:46.463 [info] > git config --get commit.template [12ms]
2026-03-17 15:01:46.464 [info] > git for-each-ref --format=%(refname)%00%(upstream:short)%00%(objectname)%00%(upstream:track)%00%(upstream:remotename)%00%(upstream:remoteref) refs/heads/main refs/remotes/main [4ms]
2026-03-17 15:01:46.488 [info] > git status -z -uall [14ms]
2026-03-17 15:01:46.492 [info] > git for-each-ref --sort -committerdate --format %(refname)%00%(objectname)%00%(*objectname) [7ms]
2026-03-17 15:05:29.577 [info] > git config --get commit.template [13ms]
2026-03-17 15:05:29.579 [info] > git for-each-ref --format=%(refname)%00%(upstream:short)%00%(objectname)%00%(upstream:track)%00%(upstream:remotename)%00%(upstream:remoteref) refs/heads/main refs/remotes/main [4ms]
2026-03-17 15:05:29.601 [info] > git status -z -uall [11ms]
2026-03-17 15:05:29.604 [info] > git for-each-ref --sort -committerdate --format %(refname)%00%(objectname)%00%(*objectname) [4ms]
2026-03-17 15:05:58.022 [info] > git config --get commit.template [13ms]
2026-03-17 15:05:58.025 [info] > git for-each-ref --format=%(refname)%00%(upstream:short)%00%(objectname)%00%(upstream:track)%00%(upstream:remotename)%00%(upstream:remoteref) refs/heads/main refs/remotes/main [3ms]
2026-03-17 15:05:58.045 [info] > git status -z -uall [11ms]
2026-03-17 15:05:58.047 [info] > git for-each-ref --sort -committerdate --format %(refname)%00%(objectname)%00%(*objectname) [4ms]
2026-03-17 15:12:37.182 [info] > git config --get commit.template [1ms]
2026-03-17 15:12:37.187 [info] > git for-each-ref --format=%(refname)%00%(upstream:short)%00%(objectname)%00%(upstream:track)%00%(upstream:remotename)%00%(upstream:remoteref) refs/heads/main refs/remotes/main [1ms]
2026-03-17 15:12:37.195 [info] > git status -z -uall [4ms]
2026-03-17 15:12:37.197 [info] > git for-each-ref --sort -committerdate --format %(refname)%00%(objectname)%00%(*objectname) [2ms]
2026-03-17 15:12:37.208 [info] > git merge-base refs/heads/main refs/remotes/origin/main [1ms]
2026-03-17 15:12:37.213 [info] > git diff --raw --numstat --diff-filter=ADMR -z --find-renames=50% 09f4bf483f5ef3a9b9238cd4df3b709887512225...refs/remotes/origin/main -- [1ms]
2026-03-17 15:12:45.158 [info] > git config --get commit.template [6ms]
2026-03-17 15:12:45.159 [info] > git for-each-ref --format=%(refname)%00%(upstream:short)%00%(objectname)%00%(upstream:track)%00%(upstream:remotename)%00%(upstream:remoteref) refs/heads/main refs/remotes/main [2ms]
2026-03-17 15:12:45.168 [info] > git status -z -uall [5ms]
2026-03-17 15:12:45.169 [info] > git for-each-ref --sort -committerdate --format %(refname)%00%(objectname)%00%(*objectname) [2ms]
